build/app/intermediates/manifest_merge_blame_file/release/manifest-merger-blame-release-report.txt
1<?xml version="1.0" encoding="utf-8"?>
2<manifest xmlns:android="http://schemas.android.com/apk/res/android"
3    package="com.msbm.msbmportal_app"
4    android:versionCode="1"
5    android:versionName="1.0.0" >
6
7    <uses-sdk
8        android:minSdkVersion="17"
8-->src/main/AndroidManifest.xml
9        android:targetSdkVersion="29" />
9-->src/main/AndroidManifest.xml
10
11    <uses-permission android:name="android.permission.INTERNET" />
11-->src/main/AndroidManifest.xml:69:5-66
11-->src/main/AndroidManifest.xml:69:22-64
12    <uses-permission android:name="android.permission.READ_EXTERNAL_STORAGE" />
12-->src/main/AndroidManifest.xml:70:5-79
12-->src/main/AndroidManifest.xml:70:22-77
13    <uses-permission android:name="android.permission.WRITE_EXTERNAL_STORAGE" />
13-->src/main/AndroidManifest.xml:71:5-80
13-->src/main/AndroidManifest.xml:71:22-78
14    <uses-permission android:name="android.permission.WAKE_LOCK" />
14-->[androidx.work:work-runtime:2.4.0] AndroidManifest.xml:25:5-68
14-->[androidx.work:work-runtime:2.4.0] AndroidManifest.xml:25:22-65
15    <uses-permission android:name="android.permission.ACCESS_NETWORK_STATE" />
15-->[androidx.work:work-runtime:2.4.0] AndroidManifest.xml:26:5-79
15-->[androidx.work:work-runtime:2.4.0] AndroidManifest.xml:26:22-76
16    <uses-permission android:name="android.permission.RECEIVE_BOOT_COMPLETED" />
16-->[androidx.work:work-runtime:2.4.0] AndroidManifest.xml:27:5-81
16-->[androidx.work:work-runtime:2.4.0] AndroidManifest.xml:27:22-78
17    <uses-permission android:name="android.permission.FOREGROUND_SERVICE" />
17-->[androidx.work:work-runtime:2.4.0] AndroidManifest.xml:28:5-77
17-->[androidx.work:work-runtime:2.4.0] AndroidManifest.xml:28:22-74
18    <!--
19 io.flutter.app.FlutterApplication is an android.app.Application that
20         calls FlutterMain.startInitialization(this); in its onCreate method.
21         In most cases you can leave this as-is, but you if you want to provide
22         additional functionality it is fine to subclass or reimplement
23         FlutterApplication and put your custom class here.
24    -->
25    <application
25-->src/main/AndroidManifest.xml:8:5-67:19
26        android:name="io.flutter.app.FlutterApplication"
26-->src/main/AndroidManifest.xml:9:9-57
27        android:appComponentFactory="androidx.core.app.CoreComponentFactory"
27-->[androidx.core:core:1.3.1] AndroidManifest.xml:24:18-86
28        android:icon="@mipmap/icon1"
28-->src/main/AndroidManifest.xml:11:9-37
29        android:label="MSBM Portal" >
29-->src/main/AndroidManifest.xml:10:9-36
30        <activity
30-->src/main/AndroidManifest.xml:12:9-40:20
31            android:name="com.msbm.msbmportal_app.MainActivity"
31-->src/main/AndroidManifest.xml:13:13-41
32            android:configChanges="orientation|keyboardHidden|keyboard|screenSize|smallestScreenSize|locale|layoutDirection|fontScale|screenLayout|density|uiMode"
32-->src/main/AndroidManifest.xml:16:13-163
33            android:hardwareAccelerated="true"
33-->src/main/AndroidManifest.xml:17:13-47
34            android:launchMode="singleTop"
34-->src/main/AndroidManifest.xml:14:13-43
35            android:theme="@style/LaunchTheme"
35-->src/main/AndroidManifest.xml:15:13-47
36            android:windowSoftInputMode="adjustResize" >
36-->src/main/AndroidManifest.xml:18:13-55
37
38            <!--
39                 Specifies an Android theme to apply to this Activity as soon as
40                 the Android process has started. This theme is visible to the user
41                 while the Flutter UI initializes. After that, this theme continues
42                 to determine the Window background behind the Flutter UI.
43            -->
44            <meta-data
44-->src/main/AndroidManifest.xml:23:13-26:17
45                android:name="io.flutter.embedding.android.NormalTheme"
45-->src/main/AndroidManifest.xml:24:15-70
46                android:resource="@style/NormalTheme" />
46-->src/main/AndroidManifest.xml:25:15-52
47            <!--
48                 Displays an Android View that continues showing the launch screen
49                 Drawable until Flutter paints its first frame, then this splash
50                 screen fades out. A splash screen is useful to avoid any visual
51                 gap between the end of Android's launch screen and the painting of
52                 Flutter's first frame.
53            -->
54            <meta-data
54-->src/main/AndroidManifest.xml:32:13-35:17
55                android:name="io.flutter.embedding.android.SplashScreenDrawable"
55-->src/main/AndroidManifest.xml:33:15-79
56                android:resource="@drawable/launch_background" />
56-->src/main/AndroidManifest.xml:34:15-61
57
58            <intent-filter>
58-->src/main/AndroidManifest.xml:36:13-39:29
59                <action android:name="android.intent.action.MAIN" />
59-->src/main/AndroidManifest.xml:37:17-68
59-->src/main/AndroidManifest.xml:37:25-66
60
61                <category android:name="android.intent.category.LAUNCHER" />
61-->src/main/AndroidManifest.xml:38:17-76
61-->src/main/AndroidManifest.xml:38:27-74
62            </intent-filter>
63        </activity>
64        <!--
65             Don't delete the meta-data below.
66             This is used by the Flutter tool to generate GeneratedPluginRegistrant.java
67        -->
68        <meta-data
68-->src/main/AndroidManifest.xml:43:9-45:33
69            android:name="flutterEmbedding"
69-->src/main/AndroidManifest.xml:44:13-44
70            android:value="2" />
70-->src/main/AndroidManifest.xml:45:13-30
71
72        <provider
72-->src/main/AndroidManifest.xml:46:9-55:20
73            android:name="vn.hunghd.flutterdownloader.DownloadedFileProvider"
73-->src/main/AndroidManifest.xml:47:12-77
74            android:authorities="com.msbm.msbmportal_app.flutter_downloader.provider"
74-->src/main/AndroidManifest.xml:48:12-85
75            android:exported="false"
75-->src/main/AndroidManifest.xml:49:12-36
76            android:grantUriPermissions="true"
76-->src/main/AndroidManifest.xml:50:12-46
77            android:requestLegacyExternalStorage="true" >
77-->src/main/AndroidManifest.xml:51:12-55
78            <meta-data
78-->src/main/AndroidManifest.xml:52:11-54:56
79                android:name="android.support.FILE_PROVIDER_PATHS"
79-->src/main/AndroidManifest.xml:53:15-65
80                android:resource="@xml/provider_paths" />
80-->src/main/AndroidManifest.xml:54:15-53
81        </provider>
82        <provider
83            android:name="com.pichillilorenzo.flutter_inappwebview.InAppWebViewFileProvider"
83-->src/main/AndroidManifest.xml:57:12-92
84            android:authorities="com.msbm.msbmportal_app.flutter_inappwebview.fileprovider"
84-->src/main/AndroidManifest.xml:58:12-84
85            android:exported="false"
85-->src/main/AndroidManifest.xml:59:12-36
86            android:grantUriPermissions="true" >
86-->src/main/AndroidManifest.xml:60:12-46
87            <meta-data
87-->src/main/AndroidManifest.xml:52:11-54:56
88                android:name="android.support.FILE_PROVIDER_PATHS"
88-->src/main/AndroidManifest.xml:53:15-65
89                android:resource="@xml/provider_paths" />
89-->src/main/AndroidManifest.xml:54:15-53
90        </provider>
91
92        <activity
92-->[:flutter_inappwebview] AndroidManifest.xml:8:9-11:47
93            android:name="com.pichillilorenzo.flutter_inappwebview.InAppBrowser.InAppBrowserActivity"
93-->[:flutter_inappwebview] AndroidManifest.xml:9:13-102
94            android:configChanges="orientation|screenSize"
94-->[:flutter_inappwebview] AndroidManifest.xml:10:13-59
95            android:theme="@style/AppTheme" />
95-->[:flutter_inappwebview] AndroidManifest.xml:11:13-44
96        <activity
96-->[:flutter_inappwebview] AndroidManifest.xml:12:9-15:55
97            android:name="com.pichillilorenzo.flutter_inappwebview.ChromeCustomTabs.ChromeCustomTabsActivity"
97-->[:flutter_inappwebview] AndroidManifest.xml:13:13-110
98            android:configChanges="orientation|screenSize"
98-->[:flutter_inappwebview] AndroidManifest.xml:14:13-59
99            android:theme="@style/ThemeTransparent" />
99-->[:flutter_inappwebview] AndroidManifest.xml:15:13-52
100
101        <receiver android:name="com.pichillilorenzo.flutter_inappwebview.ChromeCustomTabs.ActionBroadcastReceiver" />
101-->[:flutter_inappwebview] AndroidManifest.xml:17:9-118
101-->[:flutter_inappwebview] AndroidManifest.xml:17:19-115
102
103        <provider
103-->[androidx.work:work-runtime:2.4.0] AndroidManifest.xml:31:9-37:35
104            android:name="androidx.work.impl.WorkManagerInitializer"
104-->[androidx.work:work-runtime:2.4.0] AndroidManifest.xml:32:13-69
105            android:authorities="com.msbm.msbmportal_app.workmanager-init"
105-->[androidx.work:work-runtime:2.4.0] AndroidManifest.xml:33:13-68
106            android:directBootAware="false"
106-->[androidx.work:work-runtime:2.4.0] AndroidManifest.xml:34:13-44
107            android:exported="false"
107-->[androidx.work:work-runtime:2.4.0] AndroidManifest.xml:35:13-37
108            android:multiprocess="true" />
108-->[androidx.work:work-runtime:2.4.0] AndroidManifest.xml:36:13-40
109
110        <service
110-->[androidx.work:work-runtime:2.4.0] AndroidManifest.xml:39:9-44:35
111            android:name="androidx.work.impl.background.systemalarm.SystemAlarmService"
111-->[androidx.work:work-runtime:2.4.0] AndroidManifest.xml:40:13-88
112            android:directBootAware="false"
112-->[androidx.work:work-runtime:2.4.0] AndroidManifest.xml:41:13-44
113            android:enabled="@bool/enable_system_alarm_service_default"
113-->[androidx.work:work-runtime:2.4.0] AndroidManifest.xml:42:13-72
114            android:exported="false" />
114-->[androidx.work:work-runtime:2.4.0] AndroidManifest.xml:43:13-37
115        <service
115-->[androidx.work:work-runtime:2.4.0] AndroidManifest.xml:45:9-51:35
116            android:name="androidx.work.impl.background.systemjob.SystemJobService"
116-->[androidx.work:work-runtime:2.4.0] AndroidManifest.xml:46:13-84
117            android:directBootAware="false"
117-->[androidx.work:work-runtime:2.4.0] AndroidManifest.xml:47:13-44
118            android:enabled="@bool/enable_system_job_service_default"
118-->[androidx.work:work-runtime:2.4.0] AndroidManifest.xml:48:13-70
119            android:exported="true"
119-->[androidx.work:work-runtime:2.4.0] AndroidManifest.xml:49:13-36
120            android:permission="android.permission.BIND_JOB_SERVICE" />
120-->[androidx.work:work-runtime:2.4.0] AndroidManifest.xml:50:13-69
121        <service
121-->[androidx.work:work-runtime:2.4.0] AndroidManifest.xml:52:9-57:35
122            android:name="androidx.work.impl.foreground.SystemForegroundService"
122-->[androidx.work:work-runtime:2.4.0] AndroidManifest.xml:53:13-81
123            android:directBootAware="false"
123-->[androidx.work:work-runtime:2.4.0] AndroidManifest.xml:54:13-44
124            android:enabled="@bool/enable_system_foreground_service_default"
124-->[androidx.work:work-runtime:2.4.0] AndroidManifest.xml:55:13-77
125            android:exported="false" />
125-->[androidx.work:work-runtime:2.4.0] AndroidManifest.xml:56:13-37
126
127        <receiver
127-->[androidx.work:work-runtime:2.4.0] AndroidManifest.xml:59:9-64:35
128            android:name="androidx.work.impl.utils.ForceStopRunnable$BroadcastReceiver"
128-->[androidx.work:work-runtime:2.4.0] AndroidManifest.xml:60:13-88
129            android:directBootAware="false"
129-->[androidx.work:work-runtime:2.4.0] AndroidManifest.xml:61:13-44
130            android:enabled="true"
130-->[androidx.work:work-runtime:2.4.0] AndroidManifest.xml:62:13-35
131            android:exported="false" />
131-->[androidx.work:work-runtime:2.4.0] AndroidManifest.xml:63:13-37
132        <receiver
132-->[androidx.work:work-runtime:2.4.0] AndroidManifest.xml:65:9-75:20
133            android:name="androidx.work.impl.background.systemalarm.ConstraintProxy$BatteryChargingProxy"
133-->[androidx.work:work-runtime:2.4.0] AndroidManifest.xml:66:13-106
134            android:directBootAware="false"
134-->[androidx.work:work-runtime:2.4.0] AndroidManifest.xml:67:13-44
135            android:enabled="false"
135-->[androidx.work:work-runtime:2.4.0] AndroidManifest.xml:68:13-36
136            android:exported="false" >
136-->[androidx.work:work-runtime:2.4.0] AndroidManifest.xml:69:13-37
137            <intent-filter>
137-->[androidx.work:work-runtime:2.4.0] AndroidManifest.xml:71:13-74:29
138                <action android:name="android.intent.action.ACTION_POWER_CONNECTED" />
138-->[androidx.work:work-runtime:2.4.0] AndroidManifest.xml:72:17-87
138-->[androidx.work:work-runtime:2.4.0] AndroidManifest.xml:72:25-84
139                <action android:name="android.intent.action.ACTION_POWER_DISCONNECTED" />
139-->[androidx.work:work-runtime:2.4.0] AndroidManifest.xml:73:17-90
139-->[androidx.work:work-runtime:2.4.0] AndroidManifest.xml:73:25-87
140            </intent-filter>
141        </receiver>
142        <receiver
142-->[androidx.work:work-runtime:2.4.0] AndroidManifest.xml:76:9-86:20
143            android:name="androidx.work.impl.background.systemalarm.ConstraintProxy$BatteryNotLowProxy"
143-->[androidx.work:work-runtime:2.4.0] AndroidManifest.xml:77:13-104
144            android:directBootAware="false"
144-->[androidx.work:work-runtime:2.4.0] AndroidManifest.xml:78:13-44
145            android:enabled="false"
145-->[androidx.work:work-runtime:2.4.0] AndroidManifest.xml:79:13-36
146            android:exported="false" >
146-->[androidx.work:work-runtime:2.4.0] AndroidManifest.xml:80:13-37
147            <intent-filter>
147-->[androidx.work:work-runtime:2.4.0] AndroidManifest.xml:82:13-85:29
148                <action android:name="android.intent.action.BATTERY_OKAY" />
148-->[androidx.work:work-runtime:2.4.0] AndroidManifest.xml:83:17-77
148-->[androidx.work:work-runtime:2.4.0] AndroidManifest.xml:83:25-74
149                <action android:name="android.intent.action.BATTERY_LOW" />
149-->[androidx.work:work-runtime:2.4.0] AndroidManifest.xml:84:17-76
149-->[androidx.work:work-runtime:2.4.0] AndroidManifest.xml:84:25-73
150            </intent-filter>
151        </receiver>
152        <receiver
152-->[androidx.work:work-runtime:2.4.0] AndroidManifest.xml:87:9-97:20
153            android:name="androidx.work.impl.background.systemalarm.ConstraintProxy$StorageNotLowProxy"
153-->[androidx.work:work-runtime:2.4.0] AndroidManifest.xml:88:13-104
154            android:directBootAware="false"
154-->[androidx.work:work-runtime:2.4.0] AndroidManifest.xml:89:13-44
155            android:enabled="false"
155-->[androidx.work:work-runtime:2.4.0] AndroidManifest.xml:90:13-36
156            android:exported="false" >
156-->[androidx.work:work-runtime:2.4.0] AndroidManifest.xml:91:13-37
157            <intent-filter>
157-->[androidx.work:work-runtime:2.4.0] AndroidManifest.xml:93:13-96:29
158                <action android:name="android.intent.action.DEVICE_STORAGE_LOW" />
158-->[androidx.work:work-runtime:2.4.0] AndroidManifest.xml:94:17-83
158-->[androidx.work:work-runtime:2.4.0] AndroidManifest.xml:94:25-80
159                <action android:name="android.intent.action.DEVICE_STORAGE_OK" />
159-->[androidx.work:work-runtime:2.4.0] AndroidManifest.xml:95:17-82
159-->[androidx.work:work-runtime:2.4.0] AndroidManifest.xml:95:25-79
160            </intent-filter>
161        </receiver>
162        <receiver
162-->[androidx.work:work-runtime:2.4.0] AndroidManifest.xml:98:9-107:20
163            android:name="androidx.work.impl.background.systemalarm.ConstraintProxy$NetworkStateProxy"
163-->[androidx.work:work-runtime:2.4.0] AndroidManifest.xml:99:13-103
164            android:directBootAware="false"
164-->[androidx.work:work-runtime:2.4.0] AndroidManifest.xml:100:13-44
165            android:enabled="false"
165-->[androidx.work:work-runtime:2.4.0] AndroidManifest.xml:101:13-36
166            android:exported="false" >
166-->[androidx.work:work-runtime:2.4.0] AndroidManifest.xml:102:13-37
167            <intent-filter>
167-->[androidx.work:work-runtime:2.4.0] AndroidManifest.xml:104:13-106:29
168                <action android:name="android.net.conn.CONNECTIVITY_CHANGE" />
168-->[androidx.work:work-runtime:2.4.0] AndroidManifest.xml:105:17-79
168-->[androidx.work:work-runtime:2.4.0] AndroidManifest.xml:105:25-76
169            </intent-filter>
170        </receiver>
171        <receiver
171-->[androidx.work:work-runtime:2.4.0] AndroidManifest.xml:108:9-119:20
172            android:name="androidx.work.impl.background.systemalarm.RescheduleReceiver"
172-->[androidx.work:work-runtime:2.4.0] AndroidManifest.xml:109:13-88
173            android:directBootAware="false"
173-->[androidx.work:work-runtime:2.4.0] AndroidManifest.xml:110:13-44
174            android:enabled="false"
174-->[androidx.work:work-runtime:2.4.0] AndroidManifest.xml:111:13-36
175            android:exported="false" >
175-->[androidx.work:work-runtime:2.4.0] AndroidManifest.xml:112:13-37
176            <intent-filter>
176-->[androidx.work:work-runtime:2.4.0] AndroidManifest.xml:114:13-118:29
177                <action android:name="android.intent.action.BOOT_COMPLETED" />
177-->[androidx.work:work-runtime:2.4.0] AndroidManifest.xml:115:17-79
177-->[androidx.work:work-runtime:2.4.0] AndroidManifest.xml:115:25-76
178                <action android:name="android.intent.action.TIME_SET" />
178-->[androidx.work:work-runtime:2.4.0] AndroidManifest.xml:116:17-73
178-->[androidx.work:work-runtime:2.4.0] AndroidManifest.xml:116:25-70
179                <action android:name="android.intent.action.TIMEZONE_CHANGED" />
179-->[androidx.work:work-runtime:2.4.0] AndroidManifest.xml:117:17-81
179-->[androidx.work:work-runtime:2.4.0] AndroidManifest.xml:117:25-78
180            </intent-filter>
181        </receiver>
182        <receiver
182-->[androidx.work:work-runtime:2.4.0] AndroidManifest.xml:120:9-129:20
183            android:name="androidx.work.impl.background.systemalarm.ConstraintProxyUpdateReceiver"
183-->[androidx.work:work-runtime:2.4.0] AndroidManifest.xml:121:13-99
184            android:directBootAware="false"
184-->[androidx.work:work-runtime:2.4.0] AndroidManifest.xml:122:13-44
185            android:enabled="@bool/enable_system_alarm_service_default"
185-->[androidx.work:work-runtime:2.4.0] AndroidManifest.xml:123:13-72
186            android:exported="false" >
186-->[androidx.work:work-runtime:2.4.0] AndroidManifest.xml:124:13-37
187            <intent-filter>
187-->[androidx.work:work-runtime:2.4.0] AndroidManifest.xml:126:13-128:29
188                <action android:name="androidx.work.impl.background.systemalarm.UpdateProxies" />
188-->[androidx.work:work-runtime:2.4.0] AndroidManifest.xml:127:17-98
188-->[androidx.work:work-runtime:2.4.0] AndroidManifest.xml:127:25-95
189            </intent-filter>
190        </receiver>
191        <receiver
191-->[androidx.work:work-runtime:2.4.0] AndroidManifest.xml:130:9-140:20
192            android:name="androidx.work.impl.diagnostics.DiagnosticsReceiver"
192-->[androidx.work:work-runtime:2.4.0] AndroidManifest.xml:131:13-78
193            android:directBootAware="false"
193-->[androidx.work:work-runtime:2.4.0] AndroidManifest.xml:132:13-44
194            android:enabled="true"
194-->[androidx.work:work-runtime:2.4.0] AndroidManifest.xml:133:13-35
195            android:exported="true"
195-->[androidx.work:work-runtime:2.4.0] AndroidManifest.xml:134:13-36
196            android:permission="android.permission.DUMP" >
196-->[androidx.work:work-runtime:2.4.0] AndroidManifest.xml:135:13-57
197            <intent-filter>
197-->[androidx.work:work-runtime:2.4.0] AndroidManifest.xml:137:13-139:29
198                <action android:name="androidx.work.diagnostics.REQUEST_DIAGNOSTICS" />
198-->[androidx.work:work-runtime:2.4.0] AndroidManifest.xml:138:17-88
198-->[androidx.work:work-runtime:2.4.0] AndroidManifest.xml:138:25-85
199            </intent-filter>
200        </receiver>
201
202        <service
202-->[androidx.room:room-runtime:2.2.5] AndroidManifest.xml:25:9-28:40
203            android:name="androidx.room.MultiInstanceInvalidationService"
203-->[androidx.room:room-runtime:2.2.5] AndroidManifest.xml:26:13-74
204            android:directBootAware="true"
204-->[androidx.room:room-runtime:2.2.5] AndroidManifest.xml:27:13-43
205            android:exported="false" />
205-->[androidx.room:room-runtime:2.2.5] AndroidManifest.xml:28:13-37
206    </application>
207
208</manifest>